<?xml version="1.0" encoding="UTF-8"?>

<mule xmlns:ee="http://www.mulesoft.org/schema/mule/ee/core" xmlns:http="http://www.mulesoft.org/schema/mule/http"
	xmlns="http://www.mulesoft.org/schema/mule/core"
	xmlns:doc="http://www.mulesoft.org/schema/mule/documentation" xmlns:xsi="http://www.w3.org/2001/XMLSchema-instance" xsi:schemaLocation="http://www.mulesoft.org/schema/mule/core http://www.mulesoft.org/schema/mule/core/current/mule.xsd
http://www.mulesoft.org/schema/mule/http http://www.mulesoft.org/schema/mule/http/current/mule-http.xsd
http://www.mulesoft.org/schema/mule/ee/core http://www.mulesoft.org/schema/mule/ee/core/current/mule-ee.xsd">
	<http:listener-config name="HTTP_Listener_config" doc:name="HTTP Listener config" doc:id="38f1763f-0965-47dc-9768-94cfcbc741b0" >
		<http:listener-connection host="0.0.0.0" port="8081" />
	</http:listener-config>
	<flow name="test-apiFlow" doc:id="66d942e5-01b8-4723-9845-99e4f9ca7de2" >
		<http:listener doc:name="Listener" doc:id="febd11bb-415f-46f1-8878-2860d41c831d" config-ref="HTTP_Listener_config" path="/api/*"/>
		<ee:transform doc:name="Transform Message" doc:id="01f1e97b-de85-4ca9-a28e-714214810266" >
			<ee:message >
				<ee:set-payload ><![CDATA[%dw 2.0
output application/json
---
{
	"message": "Success"
}]]></ee:set-payload>
			</ee:message>
		</ee:transform>
	</flow>
</mule>
